<?xml version="1.0" encoding="UTF-8"?>
<coverage generated="1777503469846" clover="3.2.0">
  <project timestamp="1777503469846" name="All files">
    <metrics statements="14" coveredstatements="14" conditionals="2" coveredconditionals="2" methods="11" coveredmethods="11" elements="27" coveredelements="27" complexity="0" loc="14" ncloc="14" packages="1" files="1" classes="1"/>
    <file name="validarPassword.js" path="C:\Users\User\Documents\tp-tdd-password\src\validarPassword.js">
      <metrics statements="14" coveredstatements="14" conditionals="2" coveredconditionals="2" methods="11" coveredmethods="11"/>
      <line num="1" count="1" type="stmt"/>
      <line num="10" count="1" type="stmt"/>
      <line num="12" count="8" type="stmt"/>
      <line num="16" count="8" type="stmt"/>
      <line num="20" count="8" type="stmt"/>
      <line num="24" count="8" type="stmt"/>
      <line num="28" count="8" type="stmt"/>
      <line num="32" count="8" type="stmt"/>
      <line num="36" count="8" type="cond" truecount="2" falsecount="0"/>
      <line num="40" count="8" type="stmt"/>
      <line num="46" count="64" type="stmt"/>
      <line num="47" count="14" type="stmt"/>
      <line num="48" count="8" type="stmt"/>
      <line num="54" count="1" type="stmt"/>
    </file>
  </project>
</coverage>
