{"C:\\Users\\User\\Documents\\tp-tdd-password\\src\\validarPassword.js": {"path":"C:\\Users\\User\\Documents\\tp-tdd-password\\src\\validarPassword.js","statementMap":{"0":{"start":{"line":1,"column":21},"end":{"line":8,"column":1}},"1":{"start":{"line":10,"column":15},"end":{"line":43,"column":1}},"2":{"start":{"line":12,"column":26},"end":{"line":12,"column":42}},"3":{"start":{"line":16,"column":26},"end":{"line":16,"column":59}},"4":{"start":{"line":20,"column":26},"end":{"line":20,"column":59}},"5":{"start":{"line":24,"column":26},"end":{"line":24,"column":56}},"6":{"start":{"line":28,"column":26},"end":{"line":28,"column":63}},"7":{"start":{"line":32,"column":26},"end":{"line":32,"column":65}},"8":{"start":{"line":36,"column":32},"end":{"line":36,"column":97}},"9":{"start":{"line":40,"column":26},"end":{"line":40,"column":69}},"10":{"start":{"line":46,"column":30},"end":{"line":46,"column":95}},"11":{"start":{"line":46,"column":53},"end":{"line":46,"column":94}},"12":{"start":{"line":47,"column":20},"end":{"line":47,"column":65}},"13":{"start":{"line":47,"column":51},"end":{"line":47,"column":64}},"14":{"start":{"line":48,"column":4},"end":{"line":51,"column":6}},"15":{"start":{"line":54,"column":0},"end":{"line":54,"column":33}}},"fnMap":{"0":{"name":"(anonymous_0)","decl":{"start":{"line":12,"column":16},"end":{"line":12,"column":17}},"loc":{"start":{"line":12,"column":26},"end":{"line":12,"column":42}},"line":12},"1":{"name":"(anonymous_1)","decl":{"start":{"line":16,"column":16},"end":{"line":16,"column":17}},"loc":{"start":{"line":16,"column":26},"end":{"line":16,"column":59}},"line":16},"2":{"name":"(anonymous_2)","decl":{"start":{"line":20,"column":16},"end":{"line":20,"column":17}},"loc":{"start":{"line":20,"column":26},"end":{"line":20,"column":59}},"line":20},"3":{"name":"(anonymous_3)","decl":{"start":{"line":24,"column":16},"end":{"line":24,"column":17}},"loc":{"start":{"line":24,"column":26},"end":{"line":24,"column":56}},"line":24},"4":{"name":"(anonymous_4)","decl":{"start":{"line":28,"column":16},"end":{"line":28,"column":17}},"loc":{"start":{"line":28,"column":26},"end":{"line":28,"column":63}},"line":28},"5":{"name":"(anonymous_5)","decl":{"start":{"line":32,"column":16},"end":{"line":32,"column":17}},"loc":{"start":{"line":32,"column":26},"end":{"line":32,"column":65}},"line":32},"6":{"name":"(anonymous_6)","decl":{"start":{"line":36,"column":12},"end":{"line":36,"column":13}},"loc":{"start":{"line":36,"column":32},"end":{"line":36,"column":97}},"line":36},"7":{"name":"(anonymous_7)","decl":{"start":{"line":40,"column":16},"end":{"line":40,"column":17}},"loc":{"start":{"line":40,"column":26},"end":{"line":40,"column":69}},"line":40},"8":{"name":"validarPassword","decl":{"start":{"line":45,"column":9},"end":{"line":45,"column":24}},"loc":{"start":{"line":45,"column":53},"end":{"line":52,"column":1}},"line":45},"9":{"name":"(anonymous_9)","decl":{"start":{"line":46,"column":44},"end":{"line":46,"column":45}},"loc":{"start":{"line":46,"column":53},"end":{"line":46,"column":94}},"line":46},"10":{"name":"(anonymous_10)","decl":{"start":{"line":47,"column":42},"end":{"line":47,"column":43}},"loc":{"start":{"line":47,"column":51},"end":{"line":47,"column":64}},"line":47}},"branchMap":{"0":{"loc":{"start":{"line":36,"column":32},"end":{"line":36,"column":97}},"type":"binary-expr","locations":[{"start":{"line":36,"column":32},"end":{"line":36,"column":41}},{"start":{"line":36,"column":45},"end":{"line":36,"column":97}}],"line":36}},"s":{"0":1,"1":1,"2":8,"3":8,"4":8,"5":8,"6":8,"7":8,"8":8,"9":8,"10":8,"11":64,"12":8,"13":14,"14":8,"15":1},"f":{"0":8,"1":8,"2":8,"3":8,"4":8,"5":8,"6":8,"7":8,"8":8,"9":64,"10":14},"b":{"0":[8,1]},"_coverageSchema":"1a1c01bbd47fc00a2c39e90264f33305004495a9","hash":"a9e21c009c3e20c9ce748d60e0ab991b0bf5298c"}
}
