TN:
SF:src\validarPassword.js
FN:12,(anonymous_0)
FN:16,(anonymous_1)
FN:20,(anonymous_2)
FN:24,(anonymous_3)
FN:28,(anonymous_4)
FN:32,(anonymous_5)
FN:36,(anonymous_6)
FN:40,(anonymous_7)
FN:45,validarPassword
FN:46,(anonymous_9)
FN:47,(anonymous_10)
FNF:11
FNH:11
FNDA:8,(anonymous_0)
FNDA:8,(anonymous_1)
FNDA:8,(anonymous_2)
FNDA:8,(anonymous_3)
FNDA:8,(anonymous_4)
FNDA:8,(anonymous_5)
FNDA:8,(anonymous_6)
FNDA:8,(anonymous_7)
FNDA:8,validarPassword
FNDA:64,(anonymous_9)
FNDA:14,(anonymous_10)
DA:1,1
DA:10,1
DA:12,8
DA:16,8
DA:20,8
DA:24,8
DA:28,8
DA:32,8
DA:36,8
DA:40,8
DA:46,64
DA:47,14
DA:48,8
DA:54,1
LF:14
LH:14
BRDA:36,0,0,8
BRDA:36,0,1,1
BRF:2
BRH:2
end_of_record
